[2026-03-20T17:24:11.311Z] === Sonty Auto-Sync ===
[2026-03-20T17:24:11.312Z] Step 1: Checking new user activations...
[2026-03-20T17:24:11.550Z]   No new activations
[2026-03-20T17:24:11.551Z] Step 2: Syncing Outlook events...
[2026-03-20T17:27:29.804Z]   Synced 27 new events
[2026-03-20T17:27:29.806Z] Done. New users: 0, New events: 27
[2026-03-20T19:52:20.271Z] === Sonty Auto-Sync ===
[2026-03-20T19:52:20.271Z] Step 1: Checking new user activations...
[2026-03-20T19:52:20.504Z]   No new activations
[2026-03-20T19:52:20.506Z] Step 2: Syncing Outlook events...
[2026-03-20T19:52:48.579Z]   Synced 0 new events
[2026-03-20T19:52:48.581Z] Done. New users: 0, New events: 0
[2026-03-20T21:42:30.899Z] === Sonty Auto-Sync ===
[2026-03-20T21:42:30.900Z] Step 1: Checking new user activations...
[2026-03-20T21:42:31.161Z]   No new activations
[2026-03-20T21:42:31.162Z] Step 2: Syncing Outlook events...
[2026-03-20T21:43:15.271Z]   Synced 0 new events
[2026-03-20T21:43:15.273Z] Done. New users: 0, New events: 0
[2026-03-20T23:31:37.069Z] === Sonty Auto-Sync ===
[2026-03-20T23:31:37.070Z] Step 1: Checking new user activations...
[2026-03-20T23:31:37.324Z]   No new activations
[2026-03-20T23:31:37.326Z] Step 2: Syncing Outlook events...
[2026-03-20T23:32:29.088Z]   Synced 1 new events
[2026-03-20T23:32:29.090Z] Done. New users: 0, New events: 1
[2026-03-21T01:21:25.110Z] === Sonty Auto-Sync ===
[2026-03-21T01:21:25.110Z] Step 1: Checking new user activations...
[2026-03-21T01:21:25.353Z]   No new activations
[2026-03-21T01:21:25.355Z] Step 2: Syncing Outlook events...
[2026-03-21T01:22:19.134Z]   Synced 0 new events
[2026-03-21T01:22:19.136Z] Done. New users: 0, New events: 0
[2026-03-21T03:34:40.621Z] === Sonty Auto-Sync ===
[2026-03-21T03:34:40.622Z] Step 1: Checking new user activations...
[2026-03-21T03:34:40.868Z]   No new activations
[2026-03-21T03:34:40.870Z] Step 2: Syncing Outlook events...
[2026-03-21T03:35:27.094Z]   Synced 0 new events
[2026-03-21T03:35:27.096Z] Done. New users: 0, New events: 0
[2026-03-21T05:22:54.224Z] === Sonty Auto-Sync ===
[2026-03-21T05:22:54.225Z] Step 1: Checking new user activations...
[2026-03-21T05:22:55.054Z]   No new activations
[2026-03-21T05:22:55.055Z] Step 2: Syncing Outlook events...
[2026-03-21T05:23:37.465Z]   Synced 0 new events
[2026-03-21T05:23:37.467Z] Done. New users: 0, New events: 0
[2026-03-21T07:27:32.332Z] === Sonty Auto-Sync ===
[2026-03-21T07:27:32.333Z] Step 1: Checking new user activations...
[2026-03-21T07:27:32.578Z]   No new activations
[2026-03-21T07:27:32.580Z] Step 2: Syncing Outlook events...
[2026-03-21T07:28:13.652Z]   Synced 0 new events
[2026-03-21T07:28:13.655Z] Done. New users: 0, New events: 0
[2026-03-21T09:16:34.093Z] === Sonty Auto-Sync ===
[2026-03-21T09:16:34.094Z] Step 1: Checking new user activations...
[2026-03-21T09:16:34.633Z]   No new activations
[2026-03-21T09:16:34.634Z] Step 2: Syncing Outlook events...
[2026-03-21T09:17:21.556Z]   Synced 3 new events
[2026-03-21T09:17:21.558Z] Done. New users: 0, New events: 3
[2026-03-21T10:42:42.985Z] === Sonty Auto-Sync ===
[2026-03-21T10:42:42.986Z] Step 1: Checking new user activations...
[2026-03-21T10:42:43.223Z]   No new activations
[2026-03-21T10:42:43.224Z] Step 2: Syncing Outlook events...
[2026-03-21T10:43:32.393Z]   Synced 2 new events
[2026-03-21T10:43:32.396Z] Done. New users: 0, New events: 2
[2026-03-21T12:22:20.255Z] === Sonty Auto-Sync ===
[2026-03-21T12:22:20.256Z] Step 1: Checking new user activations...
[2026-03-21T12:22:20.501Z]   No new activations
[2026-03-21T12:22:20.502Z] Step 2: Syncing Outlook events...
[2026-03-21T12:23:05.648Z]   Could not get Outlook token
[2026-03-21T12:23:05.649Z] Done. New users: 0, New events: 0
[2026-03-21T13:55:17.365Z] === Sonty Auto-Sync ===
[2026-03-21T13:55:17.366Z] Step 1: Checking new user activations...
[2026-03-21T13:55:17.611Z]   No new activations
[2026-03-21T13:55:17.612Z] Step 2: Syncing Outlook events...
[2026-03-21T13:56:13.344Z]   Synced 4 new events
[2026-03-21T13:56:13.345Z] Done. New users: 0, New events: 4
[2026-03-21T16:14:12.214Z] === Sonty Auto-Sync ===
[2026-03-21T16:14:12.215Z] Step 1: Checking new user activations...
[2026-03-21T16:14:12.462Z]   No new activations
[2026-03-21T16:14:12.463Z] Step 2: Syncing Outlook events...
[2026-03-21T16:14:46.199Z]   Synced 2 new events
[2026-03-21T16:14:46.200Z] Done. New users: 0, New events: 2
[2026-03-21T18:20:53.955Z] === Sonty Auto-Sync ===
[2026-03-21T18:20:53.956Z] Step 1: Checking new user activations...
[2026-03-21T18:20:54.194Z]   No new activations
[2026-03-21T18:20:54.195Z] Step 2: Syncing Outlook events...
[2026-03-21T18:21:22.413Z]   Synced 0 new events
[2026-03-21T18:21:22.415Z] Done. New users: 0, New events: 0
[2026-03-21T20:27:03.636Z] === Sonty Auto-Sync ===
[2026-03-21T20:27:03.637Z] Step 1: Checking new user activations...
[2026-03-21T20:27:03.894Z]   No new activations
[2026-03-21T20:27:03.896Z] Step 2: Syncing Outlook events...
[2026-03-21T20:27:51.772Z]   Synced 0 new events
[2026-03-21T20:27:51.774Z] Done. New users: 0, New events: 0
[2026-03-21T22:16:37.926Z] === Sonty Auto-Sync ===
[2026-03-21T22:16:37.927Z] Step 1: Checking new user activations...
[2026-03-21T22:16:38.652Z]   No new activations
[2026-03-21T22:16:38.654Z] Step 2: Syncing Outlook events...
[2026-03-21T22:17:17.751Z]   Synced 0 new events
[2026-03-21T22:17:17.752Z] Done. New users: 0, New events: 0
[2026-03-22T00:36:54.130Z] === Sonty Auto-Sync ===
[2026-03-22T00:36:54.131Z] Step 1: Checking new user activations...
[2026-03-22T00:36:54.379Z]   No new activations
[2026-03-22T00:36:54.380Z] Step 2: Syncing Outlook events...
[2026-03-22T00:37:27.385Z]   Synced 0 new events
[2026-03-22T00:37:27.387Z] Done. New users: 0, New events: 0
[2026-03-22T02:47:03.370Z] === Sonty Auto-Sync ===
[2026-03-22T02:47:03.371Z] Step 1: Checking new user activations...
[2026-03-22T02:47:03.625Z]   No new activations
[2026-03-22T02:47:03.626Z] Step 2: Syncing Outlook events...
[2026-03-22T02:47:50.244Z]   Synced 0 new events
[2026-03-22T02:47:50.247Z] Done. New users: 0, New events: 0
[2026-03-22T04:26:58.334Z] === Sonty Auto-Sync ===
[2026-03-22T04:26:58.335Z] Step 1: Checking new user activations...
[2026-03-22T04:26:59.046Z]   No new activations
[2026-03-22T04:26:59.047Z] Step 2: Syncing Outlook events...
[2026-03-22T04:27:48.063Z]   Synced 0 new events
[2026-03-22T04:27:48.065Z] Done. New users: 0, New events: 0
[2026-03-22T05:51:51.639Z] === Sonty Auto-Sync ===
[2026-03-22T05:51:51.640Z] Step 1: Checking new user activations...
[2026-03-22T05:51:52.368Z]   No new activations
[2026-03-22T05:51:52.369Z] Step 2: Syncing Outlook events...
[2026-03-22T05:52:30.695Z]   Synced 0 new events
[2026-03-22T05:52:30.697Z] Done. New users: 0, New events: 0
[2026-03-22T07:26:38.548Z] === Sonty Auto-Sync ===
[2026-03-22T07:26:38.549Z] Step 1: Checking new user activations...
[2026-03-22T07:26:38.777Z]   No new activations
[2026-03-22T07:26:38.779Z] Step 2: Syncing Outlook events...
[2026-03-22T07:27:10.402Z]   Synced 0 new events
[2026-03-22T07:27:10.404Z] Done. New users: 0, New events: 0
[2026-03-22T08:54:40.276Z] === Sonty Auto-Sync ===
[2026-03-22T08:54:40.277Z] Step 1: Checking new user activations...
[2026-03-22T08:54:40.530Z]   No new activations
[2026-03-22T08:54:40.531Z] Step 2: Syncing Outlook events...
[2026-03-22T08:55:11.942Z]   Synced 1 new events
[2026-03-22T08:55:11.944Z] Done. New users: 0, New events: 1
[2026-03-22T11:20:41.832Z] === Sonty Auto-Sync ===
[2026-03-22T11:20:41.833Z] Step 1: Checking new user activations...
[2026-03-22T11:20:42.060Z]   No new activations
[2026-03-22T11:20:42.062Z] Step 2: Syncing Outlook events...
[2026-03-22T11:21:22.851Z]   Synced 0 new events
[2026-03-22T11:21:22.852Z] Done. New users: 0, New events: 0
[2026-03-22T13:23:29.197Z] === Sonty Auto-Sync ===
[2026-03-22T13:23:29.198Z] Step 1: Checking new user activations...
[2026-03-22T13:23:29.436Z]   No new activations
[2026-03-22T13:23:29.437Z] Step 2: Syncing Outlook events...
[2026-03-22T13:23:41.960Z]   Could not get Outlook token
[2026-03-22T13:23:41.960Z] Done. New users: 0, New events: 0
[2026-03-22T14:56:33.530Z] === Sonty Auto-Sync ===
[2026-03-22T14:56:33.530Z] Step 1: Checking new user activations...
[2026-03-22T14:56:33.772Z]   No new activations
[2026-03-22T14:56:33.773Z] Step 2: Syncing Outlook events...
[2026-03-22T15:13:11.677Z]   Synced 1 new events
[2026-03-22T15:13:11.679Z] Done. New users: 0, New events: 1
[2026-03-22T16:55:10.839Z] === Sonty Auto-Sync ===
[2026-03-22T16:55:10.840Z] Step 1: Checking new user activations...
[2026-03-22T16:55:11.074Z]   No new activations
[2026-03-22T16:55:11.075Z] Step 2: Syncing Outlook events...
[2026-03-22T16:55:59.192Z]   Synced 0 new events
[2026-03-22T16:55:59.194Z] Done. New users: 0, New events: 0
[2026-03-22T18:44:58.215Z] === Sonty Auto-Sync ===
[2026-03-22T18:44:58.216Z] Step 1: Checking new user activations...
[2026-03-22T18:44:58.469Z]   No new activations
[2026-03-22T18:44:58.470Z] Step 2: Syncing Outlook events...
[2026-03-22T18:45:51.412Z]   Synced 0 new events
[2026-03-22T18:45:51.414Z] Done. New users: 0, New events: 0
[2026-03-22T20:50:03.751Z] === Sonty Auto-Sync ===
[2026-03-22T20:50:03.753Z] Step 1: Checking new user activations...
[2026-03-22T20:50:04.005Z]   No new activations
[2026-03-22T20:50:04.006Z] Step 2: Syncing Outlook events...
[2026-03-22T20:50:47.249Z]   Synced 0 new events
[2026-03-22T20:50:47.251Z] Done. New users: 0, New events: 0
[2026-03-22T23:27:33.423Z] === Sonty Auto-Sync ===
[2026-03-22T23:27:33.425Z] Step 1: Checking new user activations...
[2026-03-22T23:27:33.684Z]   No new activations
[2026-03-22T23:27:33.686Z] Step 2: Syncing Outlook events...
[2026-03-22T23:28:04.405Z]   Synced 0 new events
[2026-03-22T23:28:04.407Z] Done. New users: 0, New events: 0
[2026-03-23T01:04:38.981Z] === Sonty Auto-Sync ===
[2026-03-23T01:04:38.983Z] Step 1: Checking new user activations...
[2026-03-23T01:04:39.239Z]   No new activations
[2026-03-23T01:04:39.241Z] Step 2: Syncing Outlook events...
[2026-03-23T01:05:07.637Z]   Synced 0 new events
[2026-03-23T01:05:07.639Z] Done. New users: 0, New events: 0
[2026-03-23T03:15:28.066Z] === Sonty Auto-Sync ===
[2026-03-23T03:15:28.067Z] Step 1: Checking new user activations...
[2026-03-23T03:15:28.866Z]   No new activations
[2026-03-23T03:15:28.867Z] Step 2: Syncing Outlook events...
[2026-03-23T03:16:13.502Z]   Synced 0 new events
[2026-03-23T03:16:13.505Z] Done. New users: 0, New events: 0
[2026-03-23T04:37:14.650Z] === Sonty Auto-Sync ===
[2026-03-23T04:37:14.651Z] Step 1: Checking new user activations...
[2026-03-23T04:37:14.889Z]   No new activations
[2026-03-23T04:37:14.891Z] Step 2: Syncing Outlook events...
[2026-03-23T04:37:57.091Z]   Synced 0 new events
[2026-03-23T04:37:57.093Z] Done. New users: 0, New events: 0
[2026-03-23T06:05:47.817Z] === Sonty Auto-Sync ===
[2026-03-23T06:05:47.817Z] Step 1: Checking new user activations...
[2026-03-23T06:05:48.071Z]   No new activations
[2026-03-23T06:05:48.072Z] Step 2: Syncing Outlook events...
[2026-03-23T06:06:20.363Z]   Synced 0 new events
[2026-03-23T06:06:20.365Z] Done. New users: 0, New events: 0
[2026-03-23T08:08:10.255Z] === Sonty Auto-Sync ===
[2026-03-23T08:08:10.256Z] Step 1: Checking new user activations...
[2026-03-23T08:08:10.516Z]   No new activations
[2026-03-23T08:08:10.517Z] Step 2: Syncing Outlook events...
[2026-03-23T08:08:55.393Z]   Synced 0 new events
[2026-03-23T08:08:55.395Z] Done. New users: 0, New events: 0
[2026-03-23T09:35:04.130Z] === Sonty Auto-Sync ===
[2026-03-23T09:35:04.131Z] Step 1: Checking new user activations...
[2026-03-23T09:35:04.389Z]   No new activations
[2026-03-23T09:35:04.391Z] Step 2: Syncing Outlook events...
[2026-03-23T09:35:45.665Z]   Synced 0 new events
[2026-03-23T09:35:45.667Z] Done. New users: 0, New events: 0
[2026-03-23T11:20:34.752Z] === Sonty Auto-Sync ===
[2026-03-23T11:20:34.753Z] Step 1: Checking new user activations...
[2026-03-23T11:20:34.998Z]   No new activations
[2026-03-23T11:20:35.000Z] Step 2: Syncing Outlook events...
[2026-03-23T11:21:04.284Z]   Synced 0 new events
[2026-03-23T11:21:04.287Z] Done. New users: 0, New events: 0
[2026-03-23T13:15:25.906Z] === Sonty Auto-Sync ===
[2026-03-23T13:15:25.907Z] Step 1: Checking new user activations...
[2026-03-23T13:15:26.156Z]   No new activations
[2026-03-23T13:15:26.157Z] Step 2: Syncing Outlook events...
[2026-03-23T13:16:19.217Z]   Synced 2 new events
[2026-03-23T13:16:19.219Z] Done. New users: 0, New events: 2
[2026-03-23T15:56:53.804Z] === Sonty Auto-Sync ===
[2026-03-23T15:56:53.807Z] Step 1: Checking new user activations...
[2026-03-23T15:56:54.074Z]   No new activations
[2026-03-23T15:56:54.075Z] Step 2: Syncing Outlook events...
[2026-03-23T16:13:35.619Z]   Could not get Outlook token
[2026-03-23T16:13:35.620Z] Done. New users: 0, New events: 0
[2026-03-23T17:46:48.181Z] === Sonty Auto-Sync ===
[2026-03-23T17:46:48.182Z] Step 1: Checking new user activations...
[2026-03-23T17:46:48.439Z]   No new activations
[2026-03-23T17:46:48.441Z] Step 2: Syncing Outlook events...
[2026-03-23T17:47:22.664Z]   Synced 1 new events
[2026-03-23T17:47:22.666Z] Done. New users: 0, New events: 1
[2026-03-23T19:35:31.657Z] === Sonty Auto-Sync ===
[2026-03-23T19:35:31.660Z] Step 1: Checking new user activations...
[2026-03-23T19:35:32.234Z]   No new activations
[2026-03-23T19:35:32.235Z] Step 2: Syncing Outlook events...
[2026-03-23T19:35:45.859Z]   Could not get Outlook token
[2026-03-23T19:35:45.860Z] Done. New users: 0, New events: 0
[2026-03-23T21:39:51.748Z] === Sonty Auto-Sync ===
[2026-03-23T21:39:51.750Z] Step 1: Checking new user activations...
[2026-03-23T21:39:52.013Z]   No new activations
[2026-03-23T21:39:52.014Z] Step 2: Syncing Outlook events...
[2026-03-23T21:40:25.631Z]   Synced 1 new events
[2026-03-23T21:40:25.633Z] Done. New users: 0, New events: 1
[2026-03-23T23:27:53.835Z] === Sonty Auto-Sync ===
[2026-03-23T23:27:53.837Z] Step 1: Checking new user activations...
[2026-03-23T23:27:54.070Z]   No new activations
[2026-03-23T23:27:54.071Z] Step 2: Syncing Outlook events...
[2026-03-23T23:28:36.703Z]   Synced 0 new events
[2026-03-23T23:28:36.705Z] Done. New users: 0, New events: 0
[2026-03-24T01:48:31.554Z] === Sonty Auto-Sync ===
[2026-03-24T01:48:31.556Z] Step 1: Checking new user activations...
[2026-03-24T01:48:31.787Z]   No new activations
[2026-03-24T01:48:31.789Z] Step 2: Syncing Outlook events...
[2026-03-24T01:49:10.222Z]   Synced 0 new events
[2026-03-24T01:49:10.225Z] Done. New users: 0, New events: 0
[2026-03-24T04:12:54.936Z] === Sonty Auto-Sync ===
[2026-03-24T04:12:54.937Z] Step 1: Checking new user activations...
[2026-03-24T04:12:55.176Z]   No new activations
[2026-03-24T04:12:55.177Z] Step 2: Syncing Outlook events...
[2026-03-24T04:13:23.042Z]   Synced 0 new events
[2026-03-24T04:13:23.045Z] Done. New users: 0, New events: 0
[2026-03-24T06:35:48.992Z] === Sonty Auto-Sync ===
[2026-03-24T06:35:48.994Z] Step 1: Checking new user activations...
[2026-03-24T06:35:49.238Z]   No new activations
[2026-03-24T06:35:49.239Z] Step 2: Syncing Outlook events...
[2026-03-24T06:36:21.037Z]   Synced 0 new events
[2026-03-24T06:36:21.038Z] Done. New users: 0, New events: 0
[2026-03-24T07:36:21.462Z] === Sonty Auto-Sync ===
[2026-03-24T07:36:21.466Z] Step 1: Checking new user activations...
[2026-03-24T07:36:21.767Z]   No new activations
[2026-03-24T07:36:21.768Z] Step 2: Syncing Outlook events...
[2026-03-24T07:36:52.072Z]   Synced 0 new events
[2026-03-24T07:36:52.074Z] Done. New users: 0, New events: 0
[2026-03-24T08:36:52.415Z] === Sonty Auto-Sync ===
[2026-03-24T08:36:52.417Z] Step 1: Checking new user activations...
[2026-03-24T08:36:52.720Z]   No new activations
[2026-03-24T08:36:52.721Z] Step 2: Syncing Outlook events...
[2026-03-24T08:37:21.420Z]   Synced 0 new events
[2026-03-24T08:37:21.421Z] Done. New users: 0, New events: 0
[2026-03-26T14:31:25.717Z] === Sonty Auto-Sync ===
[2026-03-26T14:31:25.718Z] Step 1: Checking new user activations...
[2026-03-26T14:31:25.964Z]   No new activations
[2026-03-26T14:31:25.965Z] Step 2: Syncing Outlook events...
[2026-03-26T14:35:20.546Z]   Blocked: Sjoerd Pelle - Inmeten Sonty - NIET PLANNEN (2026-04-16)
[2026-03-26T14:35:20.904Z]   Blocked: Sjoerd Pelle - Inmeten Sonty - NIET PLANNEN (2026-04-21)
[2026-03-26T14:35:21.268Z]   Blocked: Sjoerd Pelle - Vakantie (2026-04-22)
[2026-03-26T14:35:21.642Z]   Blocked: Sjoerd Pelle - Inmeten Sonty - NIET PLANNEN (2026-04-22)
[2026-03-26T14:35:22.116Z]   Blocked: Sjoerd Pelle - Inmeten Sonty - NIET PLANNEN (2026-04-23)
[2026-03-26T14:35:22.470Z]   Synced 67 new events
[2026-03-26T14:35:22.472Z] Done. New users: 0, New events: 67
[2026-03-26T15:37:01.741Z] === Sonty Auto-Sync ===
[2026-03-26T15:37:01.743Z] Step 1: Checking new user activations...
[2026-03-26T15:37:02.014Z]   No new activations
[2026-03-26T15:37:02.016Z] Step 2: Syncing Outlook events...
[2026-03-26T15:37:37.471Z]   Synced 2 new events
[2026-03-26T15:37:37.473Z] Done. New users: 0, New events: 2
[2026-03-26T16:37:37.918Z] === Sonty Auto-Sync ===
[2026-03-26T16:37:37.921Z] Step 1: Checking new user activations...
[2026-03-26T16:37:38.560Z]   No new activations
[2026-03-26T16:37:38.561Z] Step 2: Syncing Outlook events...
[2026-03-26T16:38:16.473Z]   Synced 3 new events
[2026-03-26T16:38:16.476Z] Done. New users: 0, New events: 3
[2026-03-26T18:00:44.354Z] === Sonty Auto-Sync ===
[2026-03-26T18:00:44.355Z] Step 1: Checking new user activations...
[2026-03-26T18:00:44.604Z]   No new activations
[2026-03-26T18:00:44.605Z] Step 2: Syncing Outlook events...
[2026-03-26T18:01:16.422Z]   Synced 0 new events
[2026-03-26T18:01:16.424Z] Done. New users: 0, New events: 0
[2026-03-26T19:01:16.695Z] === Sonty Auto-Sync ===
[2026-03-26T19:01:16.697Z] Step 1: Checking new user activations...
[2026-03-26T19:01:16.961Z]   No new activations
[2026-03-26T19:01:16.962Z] Step 2: Syncing Outlook events...
[2026-03-26T19:01:45.780Z]   Synced 0 new events
[2026-03-26T19:01:45.782Z] Done. New users: 0, New events: 0
[2026-03-26T20:53:02.253Z] === Sonty Auto-Sync ===
[2026-03-26T20:53:02.256Z] Step 1: Checking new user activations...
[2026-03-26T20:53:02.512Z]   No new activations
[2026-03-26T20:53:02.513Z] Step 2: Syncing Outlook events...
[2026-03-26T20:53:45.034Z]   Synced 0 new events
[2026-03-26T20:53:45.036Z] Done. New users: 0, New events: 0
[2026-03-26T22:36:35.118Z] === Sonty Auto-Sync ===
[2026-03-26T22:36:35.119Z] Step 1: Checking new user activations...
[2026-03-26T22:36:35.364Z]   No new activations
[2026-03-26T22:36:35.366Z] Step 2: Syncing Outlook events...
[2026-03-26T22:37:20.754Z]   Synced 0 new events
[2026-03-26T22:37:20.756Z] Done. New users: 0, New events: 0
[2026-03-27T00:25:44.425Z] === Sonty Auto-Sync ===
[2026-03-27T00:25:44.427Z] Step 1: Checking new user activations...
[2026-03-27T00:25:44.664Z]   No new activations
[2026-03-27T00:25:44.665Z] Step 2: Syncing Outlook events...
[2026-03-27T00:26:19.332Z]   Synced 0 new events
[2026-03-27T00:26:19.335Z] Done. New users: 0, New events: 0
[2026-03-27T01:53:35.465Z] === Sonty Auto-Sync ===
[2026-03-27T01:53:35.468Z] Step 1: Checking new user activations...
[2026-03-27T01:53:35.722Z]   No new activations
[2026-03-27T01:53:35.723Z] Step 2: Syncing Outlook events...
[2026-03-27T01:54:08.290Z]   Synced 0 new events
[2026-03-27T01:54:08.297Z] Done. New users: 0, New events: 0
[2026-03-27T02:54:08.581Z] === Sonty Auto-Sync ===
[2026-03-27T02:54:08.582Z] Step 1: Checking new user activations...
[2026-03-27T02:54:08.834Z]   No new activations
[2026-03-27T02:54:08.836Z] Step 2: Syncing Outlook events...
[2026-03-27T02:54:37.008Z]   Synced 0 new events
[2026-03-27T02:54:37.011Z] Done. New users: 0, New events: 0
[2026-03-27T03:54:37.282Z] === Sonty Auto-Sync ===
[2026-03-27T03:54:37.283Z] Step 1: Checking new user activations...
[2026-03-27T03:54:37.538Z]   No new activations
[2026-03-27T03:54:37.539Z] Step 2: Syncing Outlook events...
[2026-03-27T03:55:05.117Z]   Synced 0 new events
[2026-03-27T03:55:05.120Z] Done. New users: 0, New events: 0
[2026-03-27T04:55:05.456Z] === Sonty Auto-Sync ===
[2026-03-27T04:55:05.457Z] Step 1: Checking new user activations...
[2026-03-27T04:55:05.706Z]   No new activations
[2026-03-27T04:55:05.708Z] Step 2: Syncing Outlook events...
[2026-03-27T04:55:33.420Z]   Synced 0 new events
[2026-03-27T04:55:33.422Z] Done. New users: 0, New events: 0
[2026-03-27T05:55:33.755Z] === Sonty Auto-Sync ===
[2026-03-27T05:55:33.757Z] Step 1: Checking new user activations...
[2026-03-27T05:55:33.983Z]   No new activations
[2026-03-27T05:55:33.984Z] Step 2: Syncing Outlook events...
[2026-03-27T05:56:03.101Z]   Synced 0 new events
[2026-03-27T05:56:03.105Z] Done. New users: 0, New events: 0
[2026-03-27T07:44:14.923Z] === Sonty Auto-Sync ===
[2026-03-27T07:44:14.926Z] Step 1: Checking new user activations...
[2026-03-27T07:44:15.180Z]   No new activations
[2026-03-27T07:44:15.181Z] Step 2: Syncing Outlook events...
[2026-03-27T07:44:43.653Z]   Synced 0 new events
[2026-03-27T07:44:43.657Z] Done. New users: 0, New events: 0
[2026-03-27T09:29:25.335Z] === Sonty Auto-Sync ===
[2026-03-27T09:29:25.336Z] Step 1: Checking new user activations...
[2026-03-27T09:29:25.581Z]   No new activations
[2026-03-27T09:29:25.583Z] Step 2: Syncing Outlook events...
[2026-03-27T09:30:25.287Z]   Synced 4 new events
[2026-03-27T09:30:25.290Z] Done. New users: 0, New events: 4
[2026-03-27T11:18:01.627Z] === Sonty Auto-Sync ===
[2026-03-27T11:18:01.629Z] Step 1: Checking new user activations...
[2026-03-27T11:18:01.854Z]   No new activations
[2026-03-27T11:18:01.856Z] Step 2: Syncing Outlook events...
[2026-03-27T11:19:01.418Z]   Synced 5 new events
[2026-03-27T11:19:01.422Z] Done. New users: 0, New events: 5
[2026-03-27T13:33:55.431Z] === Sonty Auto-Sync ===
[2026-03-27T13:33:55.432Z] Step 1: Checking new user activations...
[2026-03-27T13:33:55.692Z]   No new activations
[2026-03-27T13:33:55.694Z] Step 2: Syncing Outlook events...
[2026-03-27T13:35:07.153Z]   Synced 9 new events
[2026-03-27T13:35:07.156Z] Done. New users: 0, New events: 9
[2026-03-27T15:01:14.614Z] === Sonty Auto-Sync ===
[2026-03-27T15:01:14.616Z] Step 1: Checking new user activations...
[2026-03-27T15:01:14.858Z]   No new activations
[2026-03-27T15:01:14.859Z] Step 2: Syncing Outlook events...
[2026-03-27T15:01:46.828Z]   Synced 1 new events
[2026-03-27T15:01:46.831Z] Done. New users: 0, New events: 1
[2026-03-27T16:17:50.783Z] === Sonty Auto-Sync ===
[2026-03-27T16:17:50.786Z] Step 1: Checking new user activations...
[2026-03-27T16:17:51.030Z]   No new activations
[2026-03-27T16:17:51.032Z] Step 2: Syncing Outlook events...
[2026-03-27T16:18:22.716Z]   Synced 1 new events
[2026-03-27T16:18:22.718Z] Done. New users: 0, New events: 1
[2026-03-27T17:23:49.128Z] === Sonty Auto-Sync ===
[2026-03-27T17:23:49.130Z] Step 1: Checking new user activations...
[2026-03-27T17:23:49.355Z]   No new activations
[2026-03-27T17:23:49.357Z] Step 2: Syncing Outlook events...
[2026-03-27T17:24:17.473Z]   Synced 0 new events
[2026-03-27T17:24:17.475Z] Done. New users: 0, New events: 0
[2026-03-27T18:44:17.898Z] === Sonty Auto-Sync ===
[2026-03-27T18:44:17.901Z] Step 1: Checking new user activations...
[2026-03-27T18:44:18.144Z]   No new activations
[2026-03-27T18:44:18.145Z] Step 2: Syncing Outlook events...
[2026-03-27T18:44:46.780Z]   Synced 0 new events
[2026-03-27T18:44:46.782Z] Done. New users: 0, New events: 0
[2026-03-27T20:59:57.970Z] === Sonty Auto-Sync ===
[2026-03-27T20:59:57.972Z] Step 1: Checking new user activations...
[2026-03-27T20:59:58.213Z]   No new activations
[2026-03-27T20:59:58.215Z] Step 2: Syncing Outlook events...
[2026-03-27T21:00:39.851Z]   Synced 0 new events
[2026-03-27T21:00:39.853Z] Done. New users: 0, New events: 0
[2026-03-27T22:52:46.281Z] === Sonty Auto-Sync ===
[2026-03-27T22:52:46.285Z] Step 1: Checking new user activations...
[2026-03-27T22:52:46.845Z]   No new activations
[2026-03-27T22:52:46.846Z] Step 2: Syncing Outlook events...
[2026-03-27T22:53:31.799Z]   Synced 0 new events
[2026-03-27T22:53:31.801Z] Done. New users: 0, New events: 0
[2026-03-28T00:26:08.644Z] === Sonty Auto-Sync ===
[2026-03-28T00:26:08.647Z] Step 1: Checking new user activations...
[2026-03-28T00:26:08.880Z]   No new activations
[2026-03-28T00:26:08.881Z] Step 2: Syncing Outlook events...
[2026-03-28T00:26:57.767Z]   Synced 0 new events
[2026-03-28T00:26:57.769Z] Done. New users: 0, New events: 0
[2026-03-28T02:45:22.052Z] === Sonty Auto-Sync ===
[2026-03-28T02:45:22.055Z] Step 1: Checking new user activations...
[2026-03-28T02:45:22.317Z]   No new activations
[2026-03-28T02:45:22.319Z] Step 2: Syncing Outlook events...
[2026-03-28T02:45:50.177Z]   Synced 0 new events
[2026-03-28T02:45:50.179Z] Done. New users: 0, New events: 0
[2026-03-28T04:34:32.412Z] === Sonty Auto-Sync ===
[2026-03-28T04:34:32.415Z] Step 1: Checking new user activations...
[2026-03-28T04:34:32.647Z]   No new activations
[2026-03-28T04:34:32.648Z] Step 2: Syncing Outlook events...
[2026-03-28T04:35:05.625Z]   Synced 0 new events
[2026-03-28T04:35:05.627Z] Done. New users: 0, New events: 0
[2026-03-28T06:36:58.872Z] === Sonty Auto-Sync ===
[2026-03-28T06:36:58.875Z] Step 1: Checking new user activations...
[2026-03-28T06:36:59.115Z]   No new activations
[2026-03-28T06:36:59.116Z] Step 2: Syncing Outlook events...
[2026-03-28T06:37:42.391Z]   Synced 0 new events
[2026-03-28T06:37:42.392Z] Done. New users: 0, New events: 0
[2026-03-28T08:11:27.344Z] === Sonty Auto-Sync ===
[2026-03-28T08:11:27.347Z] Step 1: Checking new user activations...
[2026-03-28T08:11:27.603Z]   No new activations
[2026-03-28T08:11:27.604Z] Step 2: Syncing Outlook events...
[2026-03-28T08:11:59.770Z]   Synced 1 new events
[2026-03-28T08:11:59.772Z] Done. New users: 0, New events: 1
[2026-03-28T09:33:07.188Z] === Sonty Auto-Sync ===
[2026-03-28T09:33:07.191Z] Step 1: Checking new user activations...
[2026-03-28T09:33:07.436Z]   No new activations
[2026-03-28T09:33:07.438Z] Step 2: Syncing Outlook events...
[2026-03-28T09:33:38.902Z]   Synced 1 new events
[2026-03-28T09:33:38.904Z] Done. New users: 0, New events: 1
[2026-03-28T10:51:00.104Z] === Sonty Auto-Sync ===
[2026-03-28T10:51:00.107Z] Step 1: Checking new user activations...
[2026-03-28T10:51:00.354Z]   No new activations
[2026-03-28T10:51:00.355Z] Step 2: Syncing Outlook events...
[2026-03-28T10:51:37.415Z]   Synced 0 new events
[2026-03-28T10:51:37.417Z] Done. New users: 0, New events: 0
[2026-03-28T12:42:30.048Z] === Sonty Auto-Sync ===
[2026-03-28T12:42:30.052Z] Step 1: Checking new user activations...
[2026-03-28T12:42:30.296Z]   No new activations
[2026-03-28T12:42:30.298Z] Step 2: Syncing Outlook events...
[2026-03-28T12:43:19.439Z]   Synced 2 new events
[2026-03-28T12:43:19.442Z] Done. New users: 0, New events: 2
[2026-03-28T14:16:18.213Z] === Sonty Auto-Sync ===
[2026-03-28T14:16:18.216Z] Step 1: Checking new user activations...
[2026-03-28T14:16:18.453Z]   No new activations
[2026-03-28T14:16:18.454Z] Step 2: Syncing Outlook events...
[2026-03-28T14:17:04.705Z]   Synced 2 new events
[2026-03-28T14:17:04.707Z] Done. New users: 0, New events: 2
[2026-03-28T15:34:33.000Z] === Sonty Auto-Sync ===
[2026-03-28T15:34:33.004Z] Step 1: Checking new user activations...
[2026-03-28T15:34:33.240Z]   No new activations
[2026-03-28T15:34:33.245Z] Step 2: Syncing Outlook events...
[2026-03-28T15:35:29.578Z]   Synced 5 new events
[2026-03-28T15:35:29.579Z] Done. New users: 0, New events: 5
[2026-03-28T17:23:06.865Z] === Sonty Auto-Sync ===
[2026-03-28T17:23:06.873Z] Step 1: Checking new user activations...
[2026-03-28T17:23:07.117Z]   No new activations
[2026-03-28T17:23:07.119Z] Step 2: Syncing Outlook events...
[2026-03-28T17:23:35.823Z]   Synced 0 new events
[2026-03-28T17:23:35.824Z] Done. New users: 0, New events: 0
[2026-03-28T18:42:35.793Z] === Sonty Auto-Sync ===
[2026-03-28T18:42:35.796Z] Step 1: Checking new user activations...
[2026-03-28T18:42:36.058Z]   No new activations
[2026-03-28T18:42:36.060Z] Step 2: Syncing Outlook events...
[2026-03-28T18:42:51.963Z]   Could not get Outlook token
[2026-03-28T18:42:51.964Z] Done. New users: 0, New events: 0
[2026-03-28T20:46:13.933Z] === Sonty Auto-Sync ===
[2026-03-28T20:46:13.937Z] Step 1: Checking new user activations...
[2026-03-28T20:46:14.194Z]   No new activations
[2026-03-28T20:46:14.195Z] Step 2: Syncing Outlook events...
[2026-03-28T20:46:48.823Z]   Synced 1 new events
[2026-03-28T20:46:48.826Z] Done. New users: 0, New events: 1
[2026-03-28T22:08:56.647Z] === Sonty Auto-Sync ===
[2026-03-28T22:08:56.651Z] Step 1: Checking new user activations...
[2026-03-28T22:08:56.920Z]   No new activations
[2026-03-28T22:08:56.923Z] Step 2: Syncing Outlook events...
[2026-03-28T22:09:25.862Z]   Synced 0 new events
[2026-03-28T22:09:25.864Z] Done. New users: 0, New events: 0
[2026-03-28T23:44:30.812Z] === Sonty Auto-Sync ===
[2026-03-28T23:44:30.816Z] Step 1: Checking new user activations...
[2026-03-28T23:44:31.056Z]   No new activations
[2026-03-28T23:44:31.057Z] Step 2: Syncing Outlook events...
[2026-03-28T23:45:00.999Z]   Synced 0 new events
[2026-03-28T23:45:01.000Z] Done. New users: 0, New events: 0
[2026-03-29T01:49:48.214Z] === Sonty Auto-Sync ===
[2026-03-29T01:49:48.217Z] Step 1: Checking new user activations...
[2026-03-29T01:49:48.482Z]   No new activations
[2026-03-29T01:49:48.484Z] Step 2: Syncing Outlook events...
[2026-03-29T01:50:43.907Z]   Outlook sync error: fetch failed
[2026-03-29T01:50:43.911Z] Done. New users: 0, New events: 0
[2026-03-29T03:37:10.099Z] === Sonty Auto-Sync ===
[2026-03-29T03:37:10.110Z] Step 1: Checking new user activations...
[2026-03-29T03:37:10.429Z]   No new activations
[2026-03-29T03:37:10.430Z] Step 2: Syncing Outlook events...
[2026-03-29T03:37:50.470Z]   Synced 0 new events
[2026-03-29T03:37:50.473Z] Done. New users: 0, New events: 0
[2026-03-29T05:41:40.366Z] === Sonty Auto-Sync ===
[2026-03-29T05:41:40.372Z] Step 1: Checking new user activations...
[2026-03-29T05:41:40.732Z]   No new activations
[2026-03-29T05:41:40.734Z] Step 2: Syncing Outlook events...
[2026-03-29T05:42:00.812Z]   Outlook sync error: page.goto: net::ERR_CONNECTION_RESET at https://outlook.office.com/calendar
Call log:
  - navigating to "https://outlook.office.com/calendar", waiting until "load"

[2026-03-29T05:42:00.861Z] Done. New users: 0, New events: 0
[2026-03-29T07:40:18.808Z] === Sonty Auto-Sync ===
[2026-03-29T07:40:18.811Z] Step 1: Checking new user activations...
[2026-03-29T07:40:19.106Z]   No new activations
[2026-03-29T07:40:19.106Z] Step 2: Syncing Outlook events...
[2026-03-29T07:40:55.376Z]   Synced 0 new events
[2026-03-29T07:40:55.377Z] Done. New users: 0, New events: 0
[2026-03-29T09:30:00.750Z] === Sonty Auto-Sync ===
[2026-03-29T09:30:00.754Z] Step 1: Checking new user activations...
[2026-03-29T09:30:01.073Z]   No new activations
[2026-03-29T09:30:01.083Z] Step 2: Syncing Outlook events...
[2026-03-29T09:30:32.803Z]   Synced 0 new events
[2026-03-29T09:30:32.806Z] Done. New users: 0, New events: 0
[2026-03-29T10:48:13.741Z] === Sonty Auto-Sync ===
[2026-03-29T10:48:13.745Z] Step 1: Checking new user activations...
[2026-03-29T10:48:13.992Z]   No new activations
[2026-03-29T10:48:13.993Z] Step 2: Syncing Outlook events...
[2026-03-29T10:48:55.511Z]   Synced 0 new events
[2026-03-29T10:48:55.513Z] Done. New users: 0, New events: 0
[2026-03-29T13:59:32.839Z] === Sonty Auto-Sync ===
[2026-03-29T13:59:32.910Z] Step 1: Checking new user activations...
[2026-03-29T13:59:33.954Z]   No new activations
[2026-03-29T13:59:34.003Z] Step 2: Syncing Outlook events...
[2026-03-29T14:00:35.792Z]   Blocked: Jaimy de Wit - Vakantie (2026-03-31)
[2026-03-29T14:00:36.354Z]   Blocked: Jaimy de Wit - Vakantie (2026-04-01)
[2026-03-29T14:00:36.741Z]   Blocked: Jaimy de Wit - Vakantie (2026-04-07)
[2026-03-29T14:00:37.455Z]   Synced 0 new events
[2026-03-29T14:00:37.458Z] Done. New users: 0, New events: 0
[2026-03-29T15:58:45.206Z] === Sonty Auto-Sync ===
[2026-03-29T15:58:45.242Z] Step 1: Checking new user activations...
[2026-03-29T15:58:46.875Z]   No new activations
[2026-03-29T15:58:46.893Z] Step 2: Syncing Outlook events...
[2026-03-29T15:59:24.456Z]   Could not get Outlook token
[2026-03-29T15:59:24.473Z] Done. New users: 0, New events: 0
[2026-03-29T18:35:53.836Z] === Sonty Auto-Sync ===
[2026-03-29T18:35:54.085Z] Step 1: Checking new user activations...
[2026-03-29T18:35:54.814Z]   No new activations
[2026-03-29T18:35:54.828Z] Step 2: Syncing Outlook events...
[2026-03-29T18:36:45.971Z]   Could not get Outlook token
[2026-03-29T18:36:45.977Z] Done. New users: 0, New events: 0
[2026-03-29T21:03:06.096Z] === Sonty Auto-Sync ===
[2026-03-29T21:03:06.220Z] Step 1: Checking new user activations...
[2026-03-29T21:03:07.167Z]   No new activations
[2026-03-29T21:03:07.175Z] Step 2: Syncing Outlook events...
[2026-03-29T21:03:45.232Z]   Could not get Outlook token
[2026-03-29T21:03:45.265Z] Done. New users: 0, New events: 0
[2026-03-30T00:22:36.753Z] === Sonty Auto-Sync ===
[2026-03-30T00:22:36.756Z] Step 1: Checking new user activations...
[2026-03-30T00:22:37.024Z]   No new activations
[2026-03-30T00:22:37.025Z] Step 2: Syncing Outlook events...
[2026-03-30T00:23:16.301Z]   Synced 1 new events
[2026-03-30T00:23:16.322Z] Done. New users: 0, New events: 1
[2026-03-30T01:50:18.794Z] === Sonty Auto-Sync ===
[2026-03-30T01:50:18.834Z] Step 1: Checking new user activations...
[2026-03-30T01:50:21.065Z]   No new activations
[2026-03-30T01:50:21.067Z] Step 2: Syncing Outlook events...
[2026-03-30T01:51:11.571Z]   Could not get Outlook token
[2026-03-30T01:51:11.578Z] Done. New users: 0, New events: 0
[2026-03-30T02:51:29.782Z] === Sonty Auto-Sync ===
[2026-03-30T02:51:29.811Z] Step 1: Checking new user activations...
[2026-03-30T02:51:30.831Z]   No new activations
[2026-03-30T02:51:30.832Z] Step 2: Syncing Outlook events...
[2026-03-30T02:52:36.385Z]   Could not get Outlook token
[2026-03-30T02:52:36.410Z] Done. New users: 0, New events: 0
[2026-03-30T05:49:54.951Z] === Sonty Auto-Sync ===
[2026-03-30T05:49:54.954Z] Step 1: Checking new user activations...
[2026-03-30T05:49:55.246Z]   No new activations
[2026-03-30T05:49:55.247Z] Step 2: Syncing Outlook events...
[2026-03-30T05:51:15.108Z]   Could not get Outlook token
[2026-03-30T05:51:15.141Z] Done. New users: 0, New events: 0
[2026-03-30T08:55:03.971Z] === Sonty Auto-Sync ===
[2026-03-30T08:55:04.321Z] Step 1: Checking new user activations...
[2026-03-30T08:55:07.515Z]   No new activations
[2026-03-30T08:55:07.520Z] Step 2: Syncing Outlook events...
[2026-03-30T08:56:25.050Z]   Outlook sync error: page.goto: Timeout 30000ms exceeded.
Call log:
  - navigating to "https://outlook.office.com/calendar", waiting until "load"

[2026-03-30T08:56:39.362Z] Done. New users: 0, New events: 0
[2026-03-30T09:58:20.745Z] === Sonty Auto-Sync ===
[2026-03-30T09:58:20.989Z] Step 1: Checking new user activations...
[2026-03-30T09:58:25.714Z]   No new activations
[2026-03-30T09:58:25.746Z] Step 2: Syncing Outlook events...
[2026-03-30T09:59:42.291Z]   Outlook sync error: page.goto: Timeout 30000ms exceeded.
Call log:
  - navigating to "https://outlook.office.com/calendar", waiting until "load"

[2026-03-30T09:59:48.183Z] Done. New users: 0, New events: 0
[2026-03-30T11:08:55.972Z] === Sonty Auto-Sync ===
[2026-03-30T11:08:55.975Z] Step 1: Checking new user activations...
[2026-03-30T11:08:56.374Z]   No new activations
[2026-03-30T11:08:56.376Z] Step 2: Syncing Outlook events...
[2026-03-30T11:09:36.033Z]   Blocked: Jaimy de Wit - Vakantie (2026-04-27)
[2026-03-30T11:09:36.650Z]   Blocked: Nanny van Vliet - Kester - Vakantie (2026-04-27)
[2026-03-30T11:09:37.229Z]   Blocked: Sjoerd Pelle - Vakantie (2026-04-27)
[2026-03-30T11:09:37.645Z]   Synced 1 new events
[2026-03-30T11:09:37.662Z] Done. New users: 0, New events: 1
