 1. SKIP (al verstuurd 2026-07-09T10:05:15.498Z): umit-aydinn@outlook.com
 2. VERSTUUR  "Hi Marco,"  → mdenheijer2@gmail.com  (den Heijer 5173)
     ✓ ticket 964907040
 3. VERSTUUR  "Hi (zonder naam),"  → f.a.dietz@planet.nl  (Dietz 5140)
     ✓ ticket 964907133
 4. VERSTUUR  "Hi Ratna,"  → rkbaldew@hotmail.com  (Baldew 5014)
     ✓ ticket 964907175
 5. VERSTUUR  "Hi (zonder naam),"  → moleveld@hotmail.com  (Moleveld 5300)
     ✓ ticket 964907221
 6. VERSTUUR  "Hi Tim,"  → tim.geeve@outlook.com  (Geeve 5278)
     ✓ ticket 964907273
 7. VERSTUUR  "Hi Gert-jan,"  → gjbutter@gmail.com  (Butter 5235)
     ✓ ticket 964907327
 8. VERSTUUR  "Hi Sjoukje,"  → svandermeer_2@hotmail.com  (van der Meer 5309)
     ✓ ticket 964907375
 9. VERSTUUR  "Hi Peter,"  → jimp@kpnmail.nl  (Deurloo 5298)
     ✓ ticket 964907441
10. VERSTUUR  "Hi Patrick,"  → patrickmouthaan81@gmail.com  (Mouthaan 5304)
     ✓ ticket 964907494
11. VERSTUUR  "Hi Patricia,"  → patriciavanrongen@gmail.com  (van Rongen 5394)
     ✓ ticket 964907543
12. VERSTUUR  "Hi Jeffrey,"  → jeffrey.poecke@hotmail.com  (van Poecke 5297)
     ✓ ticket 964907595
13. VERSTUUR  "Hi (zonder naam),"  → gieldejager@ziggo.nl  (de Jager)
     ✓ ticket 964907640
14. VERSTUUR  "Hi Ron,"  → rondijkio@live.nl  (van Dijk 5296)
     ✓ ticket 964907677
15. VERSTUUR  "Hi Roy,"  → royvdplas@hotmail.com  (Van der Plas 5473)
     ✓ ticket 964907723
16. VERSTUUR  "Hi John,"  → j.velden@mijadvies.com  (van der Velden 5364)
     ✓ ticket 964907748
17. VERSTUUR  "Hi Frank,"  → frankv1995@gmail.com  (Vermeulen 5267)
     ✓ ticket 964907792
18. VERSTUUR  "Hi Harry,"  → harrydejong@live.nl  (de Jong 5331)
     ✓ ticket 964907836
19. VERSTUUR  "Hi Zehra,"  → carmentavc@gmail.com  (Koylu 5366)
     ✓ ticket 964907873
20. VERSTUUR  "Hi Dominique,"  → dominiquevandijkhuizen@gmail.com  (van Dijkhuizen 5375)
     ✓ ticket 964907911
21. VERSTUUR  "Hi Harry,"  → harrykoops1958@gmail.com  (Koops 5501)
     ✓ ticket 964907990
22. VERSTUUR  "Hi Leroy,"  → info@lbinken.nl  (Binken 5405)
     ✓ ticket 964908098
23. VERSTUUR  "Hi Niels,"  → nielspompe95@gmail.com  (Pompe 5376)
     ✓ ticket 964908202
24. VERSTUUR  "Hi Daisy,"  → daisyakdeniz@gmail.com  (Akdeniz 5429)
     ✓ ticket 964908262
25. VERSTUUR  "Hi (zonder naam),"  → adejong@eru.com  (Eru)
     ✓ ticket 964908318
26. VERSTUUR  "Hi Thomas,"  → thomas.kleinegris@hotmail.com  (Kleinegris 5388)
     ✓ ticket 964908365
27. VERSTUUR  "Hi Dave,"  → fennesd@gmail.com  (Fennes 5408)
     ✓ ticket 964908422
28. VERSTUUR  "Hi Nick,"  → sitezinger@gmail.com  (Seitzinger 5482)
     ✓ ticket 964908515
29. VERSTUUR  "Hi Jeroen,"  → jerzoen@hotmail.com  (Noordermeer 5399)
     ✓ ticket 964908602
30. VERSTUUR  "Hi Bronwyn,"  → christinemcd9@gmail.com  (Goodsir 5310)
     ✓ ticket 964908676
31. VERSTUUR  "Hi Joelle,"  → joelle@garage-vink.nl  (Vink 5524)
     ✓ ticket 964908734
32. VERSTUUR  "Hi Lisa,"  → li.vandijk@outlook.com  (van Dijk 5463)
     ✓ ticket 964908777
33. VERSTUUR  "Hi Dennis,"  → dennis_vollebregt@hotmail.com  (Vollebregt 5493)
     ✓ ticket 964908823
34. VERSTUUR  "Hi Annika,"  → anniemoi@hotmail.com  (Braakhuis 5374)
     ✓ ticket 964908871
35. VERSTUUR  "Hi Wim,"  → wimlensen69@gmail.com  (Lensen 5440)
     ✓ ticket 964908924
36. VERSTUUR  "Hi Cobie,"  → cobiesteenbergen45@msn.com  (Steenbergen 5447)
     ✓ ticket 964908977
37. VERSTUUR  "Hi Ricardo,"  → ricardovos@hotmail.com  (Vos 5492)
     ✓ ticket 964909017
38. VERSTUUR  "Hi Mark,"  → mmnijveldt@gmail.com  (Nijveldt 5329)
     ✓ ticket 964909056
39. VERSTUUR  "Hi Eric,"  → ericfrs@hotmail.com  (van Kooten 5413)
     ✓ ticket 964909113
40. VERSTUUR  "Hi Tamara,"  → tomik_s@yahoo.com  (Sukhoitna 5215)
     ✓ ticket 964909160
41. VERSTUUR  "Hi Jacqueline,"  → jjamwalsteijn@hotmail.com  (Walsteijn 5391)
     ✓ ticket 964909224
42. VERSTUUR  "Hi Rhode,"  → rhodevroom@icloud.com  (Wijngaarden 5438)
     ✓ ticket 964909276
43. VERSTUUR  "Hi Dennis,"  → lopes81@gmail.com  (Lopes 5477)
     ✓ ticket 964909330
44. VERSTUUR  "Hi (zonder naam),"  → linhanh.le@hotmail.com  (Fam Lee 5511)
     ✓ ticket 964909377
45. VERSTUUR  "Hi Gerry,"  → wim.mulder@wmtc.nl  (Lavery 5284)
     ✓ ticket 964909431
46. VERSTUUR  "Hi Francielle,"  → fran.abreu2@gmail.com  (Abreu 5439)
     ✓ ticket 964909495
47. VERSTUUR  "Hi Frank,"  → vandenberg.fh@gmail.com  (van den Berg 5445)
     ✓ ticket 964909545
48. VERSTUUR  "Hi Elwin,"  → elwinvandervet@gmail.com  (van der Vet 5516)
     … rate-limit bij contact aanmaken, wacht 65s en probeer opnieuw
     ✓ ticket 964909935
49. VERSTUUR  "Hi Rob,"  → robwesselsberkel@gmail.com  (Wessels 5568)
     ✓ ticket 964909967
50. VERSTUUR  "Hi Sharon,"  → sharonashleysa@gmail.com  (van Veen 4726)
     ✓ ticket 964910041
51. VERSTUUR  "Hi Fatma,"  → f_yesil@hotmail.com  (Jansen 5415)
     ✓ ticket 964910128
52. VERSTUUR  "Hi Bodey,"  → bodey23@gmail.com  (Siegelaar 5484)
     ✓ ticket 964910170
53. VERSTUUR  "Hi (zonder naam),"  → loootje-@live.nl  (Bleijenberg 5435)
     ✓ ticket 964910237
54. VERSTUUR  "Hi Gert,"  → gertkleyweg@hotmail.com  (Kleijweg 5398)
     ✓ ticket 964910278
55. VERSTUUR  "Hi Miranda,"  → miranda.vroom@ziggo.nl  (Vroom 5275)
     ✓ ticket 964910321
56. VERSTUUR  "Hi Fahad,"  → fahadnl@hotmail.com  (Fahad 5498)
     ✓ ticket 964910369
57. VERSTUUR  "Hi Jan,"  → janhaasnoot32@ziggo.nl  (Haasnoot 5444)
     ✓ ticket 964910430
58. VERSTUUR  "Hi Wouter,"  → woutermos@hotmail.com  (Mos 5553)
     ✓ ticket 964910488
59. VERSTUUR  "Hi Elly,"  → pmmkornaat@gmail.com  (Kornaat 5513)
     ✓ ticket 964910534
60. VERSTUUR  "Hi Jamilla,"  → ruizflantua@outlook.com  (Ruiz 5417)
     ✓ ticket 964910585

Klaar: 59 verstuurd, 1 overgeslagen (al gehad).
